# JRE version: OpenJDK Runtime Environment Microsoft-13877124 (25.0.3+9) (build 25.0.3+9-LTS)
# Java VM: OpenJDK 64-Bit Server VM Microsoft-13877124 (25.0.3+9-LTS, mixed mode, emulated-client, sharing, tiered, compressed oops, compressed class ptrs, g1 gc, windows-amd64)
GC Precious Log:
 CardTable entry size: 512
 Card Set container configuration: InlinePtr #cards 4 size 8 Array Of Cards #cards 16 size 48 Howl #buckets 8 coarsen threshold 3686 Howl Bitmap #cards 512 size 80 coarsen threshold 460 Card regions per heap region 1 cards per card region 4096
 CPUs: 4 total, 4 available
 Memory: 12182M
 Large Page Support: Disabled
 NUMA Support: Disabled
 Compressed Oops: Enabled (Zero based)
 Heap Region Size: 2M
 Heap Min Capacity: 8M
 Heap Initial Capacity: 192M
 Heap Max Capacity: 3046M
 Pre-touch: Disabled
 Parallel Workers: 4
 Concurrent Workers: 1
 Concurrent Refinement Workers: 4
 Periodic GC: Disabled
 G1 Time-Based Heap Sizing enabled (uncommit-only)
 Evaluation Interval: 60s, Uncommit Delay: 300s, Min Regions To Uncommit: 10
Heap:
 garbage-first heap   total reserved 3119104K, committed 73728K, used 49454K [0x0000000741a00000, 0x0000000800000000)
  region size 2048K, 12 young (24576K), 1 survivors (2048K)
GC Heap Usage History (20 events):
Event: 8.013 {heap Before GC invocations=8 (full 0):
 garbage-first heap   total reserved 3119104K, committed 69632K, used 52490K [0x0000000741a00000, 0x0000000800000000)
  region size 2048K, 16 young (32768K), 2 survivors (4096K)
}
Event: 8.021 {heap After GC invocations=9 (full 0):
 garbage-first heap   total reserved 3119104K, committed 69632K, used 26014K [0x0000000741a00000, 0x0000000800000000)
  region size 2048K, 2 young (4096K), 2 survivors (4096K)
}
Event: 9.133 {heap Before GC invocations=9 (full 0):
 garbage-first heap   total reserved 3119104K, committed 69632K, used 52638K [0x0000000741a00000, 0x0000000800000000)
  region size 2048K, 16 young (32768K), 2 survivors (4096K)
}
Event: 9.143 {heap After GC invocations=10 (full 0):
 garbage-first heap   total reserved 3119104K, committed 69632K, used 28040K [0x0000000741a00000, 0x0000000800000000)
  region size 2048K, 1 young (2048K), 1 survivors (2048K)
}
Event: 9.745 {heap Before GC invocations=10 (full 0):
 garbage-first heap   total reserved 3119104K, committed 69632K, used 56712K [0x0000000741a00000, 0x0000000800000000)
  region size 2048K, 15 young (30720K), 1 survivors (2048K)
}
Event: 9.751 {heap After GC invocations=11 (full 0):
 garbage-first heap   total reserved 3119104K, committed 69632K, used 29672K [0x0000000741a00000, 0x0000000800000000)
  region size 2048K, 2 young (4096K), 2 survivors (4096K)
}
Event: 10.594 {heap Before GC invocations=11 (full 0):
 garbage-first heap   total reserved 3119104K, committed 69632K, used 58344K [0x0000000741a00000, 0x0000000800000000)
  region size 2048K, 16 young (32768K), 2 survivors (4096K)
}
Event: 10.604 {heap After GC invocations=12 (full 0):
 garbage-first heap   total reserved 3119104K, committed 69632K, used 31615K [0x0000000741a00000, 0x0000000800000000)
  region size 2048K, 2 young (4096K), 2 survivors (4096K)
}
Event: 11.619 {heap Before GC invocations=12 (full 0):
 garbage-first heap   total reserved 3119104K, committed 69632K, used 39807K [0x0000000741a00000, 0x0000000800000000)
  region size 2048K, 8 young (16384K), 2 survivors (4096K)
}
Event: 11.625 {heap After GC invocations=13 (full 0):
 garbage-first heap   total reserved 3119104K, committed 69632K, used 32485K [0x0000000741a00000, 0x0000000800000000)
  region size 2048K, 2 young (4096K), 2 survivors (4096K)
}
Event: 116.129 {heap Before GC invocations=14 (full 0):
 garbage-first heap   total reserved 3119104K, committed 69632K, used 57061K [0x0000000741a00000, 0x0000000800000000)
  region size 2048K, 15 young (30720K), 2 survivors (4096K)
}
Event: 116.139 {heap After GC invocations=15 (full 0):
 garbage-first heap   total reserved 3119104K, committed 69632K, used 34630K [0x0000000741a00000, 0x0000000800000000)
  region size 2048K, 2 young (4096K), 2 survivors (4096K)
}
Event: 194.813 {heap Before GC invocations=15 (full 0):
 garbage-first heap   total reserved 3119104K, committed 69632K, used 57158K [0x0000000741a00000, 0x0000000800000000)
  region size 2048K, 14 young (28672K), 2 survivors (4096K)
}
Event: 194.839 {heap After GC invocations=16 (full 0):
 garbage-first heap   total reserved 3119104K, committed 69632K, used 34595K [0x0000000741a00000, 0x0000000800000000)
  region size 2048K, 1 young (2048K), 1 survivors (2048K)
}
Event: 372.439 {heap Before GC invocations=16 (full 0):
 garbage-first heap   total reserved 3119104K, committed 69632K, used 61219K [0x0000000741a00000, 0x0000000800000000)
  region size 2048K, 14 young (28672K), 1 survivors (2048K)
}
Event: 372.466 {heap After GC invocations=17 (full 0):
 garbage-first heap   total reserved 3119104K, committed 69632K, used 34439K [0x0000000741a00000, 0x0000000800000000)
  region size 2048K, 1 young (2048K), 1 survivors (2048K)
}
Event: 464.116 {heap Before GC invocations=18 (full 0):
 garbage-first heap   total reserved 3119104K, committed 69632K, used 59015K [0x0000000741a00000, 0x0000000800000000)
  region size 2048K, 14 young (28672K), 1 survivors (2048K)
}
Event: 464.140 {heap After GC invocations=19 (full 0):
 garbage-first heap   total reserved 3119104K, committed 69632K, used 34461K [0x0000000741a00000, 0x0000000800000000)
  region size 2048K, 1 young (2048K), 1 survivors (2048K)
}
Event: 560.483 {heap Before GC invocations=19 (full 0):
 garbage-first heap   total reserved 3119104K, committed 69632K, used 61085K [0x0000000741a00000, 0x0000000800000000)
  region size 2048K, 14 young (28672K), 1 survivors (2048K)
}
Event: 560.556 {heap After GC invocations=20 (full 0):
 garbage-first heap   total reserved 3119104K, committed 73728K, used 31022K [0x0000000741a00000, 0x0000000800000000)
  region size 2048K, 1 young (2048K), 1 survivors (2048K)
}

