# JRE version: OpenJDK Runtime Environment Microsoft-13877124 (25.0.3+9) (build 25.0.3+9-LTS)
# Java VM: OpenJDK 64-Bit Server VM Microsoft-13877124 (25.0.3+9-LTS, mixed mode, emulated-client, sharing, tiered, compressed oops, compressed class ptrs, g1 gc, windows-amd64)
GC Precious Log:
 CardTable entry size: 512
 Card Set container configuration: InlinePtr #cards 4 size 8 Array Of Cards #cards 16 size 48 Howl #buckets 8 coarsen threshold 3686 Howl Bitmap #cards 512 size 80 coarsen threshold 460 Card regions per heap region 1 cards per card region 4096
 CPUs: 4 total, 4 available
 Memory: 12182M
 Large Page Support: Disabled
 NUMA Support: Disabled
 Compressed Oops: Enabled (Zero based)
 Heap Region Size: 2M
 Heap Min Capacity: 8M
 Heap Initial Capacity: 192M
 Heap Max Capacity: 3046M
 Pre-touch: Disabled
 Parallel Workers: 4
 Concurrent Workers: 1
 Concurrent Refinement Workers: 4
 Periodic GC: Disabled
 G1 Time-Based Heap Sizing enabled (uncommit-only)
 Evaluation Interval: 60s, Uncommit Delay: 300s, Min Regions To Uncommit: 10
Heap:
 garbage-first heap   total reserved 3119104K, committed 83968K, used 54539K [0x0000000741a00000, 0x0000000800000000)
  region size 2048K, 13 young (26624K), 2 survivors (4096K)
GC Heap Usage History (20 events):
Event: 5.720 {heap Before GC invocations=5 (full 0):
 garbage-first heap   total reserved 3119104K, committed 69632K, used 49214K [0x0000000741a00000, 0x0000000800000000)
  region size 2048K, 16 young (32768K), 2 survivors (4096K)
}
Event: 5.735 {heap After GC invocations=6 (full 0):
 garbage-first heap   total reserved 3119104K, committed 69632K, used 22420K [0x0000000741a00000, 0x0000000800000000)
  region size 2048K, 2 young (4096K), 2 survivors (4096K)
}
Event: 6.170 {heap Before GC invocations=6 (full 0):
 garbage-first heap   total reserved 3119104K, committed 69632K, used 36756K [0x0000000741a00000, 0x0000000800000000)
  region size 2048K, 10 young (20480K), 2 survivors (4096K)
}
Event: 6.175 {heap After GC invocations=7 (full 0):
 garbage-first heap   total reserved 3119104K, committed 69632K, used 23463K [0x0000000741a00000, 0x0000000800000000)
  region size 2048K, 2 young (4096K), 2 survivors (4096K)
}
Event: 7.184 {heap Before GC invocations=8 (full 0):
 garbage-first heap   total reserved 3119104K, committed 69632K, used 52135K [0x0000000741a00000, 0x0000000800000000)
  region size 2048K, 17 young (34816K), 2 survivors (4096K)
}
Event: 7.192 {heap After GC invocations=9 (full 0):
 garbage-first heap   total reserved 3119104K, committed 69632K, used 26015K [0x0000000741a00000, 0x0000000800000000)
  region size 2048K, 3 young (6144K), 3 survivors (6144K)
}
Event: 8.098 {heap Before GC invocations=9 (full 0):
 garbage-first heap   total reserved 3119104K, committed 69632K, used 52639K [0x0000000741a00000, 0x0000000800000000)
  region size 2048K, 17 young (34816K), 3 survivors (6144K)
}
Event: 8.108 {heap After GC invocations=10 (full 0):
 garbage-first heap   total reserved 3119104K, committed 69632K, used 26683K [0x0000000741a00000, 0x0000000800000000)
  region size 2048K, 2 young (4096K), 2 survivors (4096K)
}
Event: 8.727 {heap Before GC invocations=10 (full 0):
 garbage-first heap   total reserved 3119104K, committed 69632K, used 57403K [0x0000000741a00000, 0x0000000800000000)
  region size 2048K, 17 young (34816K), 2 survivors (4096K)
}
Event: 8.736 {heap After GC invocations=11 (full 0):
 garbage-first heap   total reserved 3119104K, committed 69632K, used 29305K [0x0000000741a00000, 0x0000000800000000)
  region size 2048K, 2 young (4096K), 2 survivors (4096K)
}
Event: 9.556 {heap Before GC invocations=11 (full 0):
 garbage-first heap   total reserved 3119104K, committed 69632K, used 55929K [0x0000000741a00000, 0x0000000800000000)
  region size 2048K, 16 young (32768K), 2 survivors (4096K)
}
Event: 9.565 {heap After GC invocations=12 (full 0):
 garbage-first heap   total reserved 3119104K, committed 83968K, used 31782K [0x0000000741a00000, 0x0000000800000000)
  region size 2048K, 2 young (4096K), 2 survivors (4096K)
}
Event: 9.741 {heap Before GC invocations=12 (full 0):
 garbage-first heap   total reserved 3119104K, committed 83968K, used 33830K [0x0000000741a00000, 0x0000000800000000)
  region size 2048K, 5 young (10240K), 2 survivors (4096K)
}
Event: 9.745 {heap After GC invocations=13 (full 0):
 garbage-first heap   total reserved 3119104K, committed 83968K, used 31754K [0x0000000741a00000, 0x0000000800000000)
  region size 2048K, 2 young (4096K), 2 survivors (4096K)
}
Event: 195.461 {heap Before GC invocations=14 (full 0):
 garbage-first heap   total reserved 3119104K, committed 83968K, used 68618K [0x0000000741a00000, 0x0000000800000000)
  region size 2048K, 21 young (43008K), 2 survivors (4096K)
}
Event: 195.469 {heap After GC invocations=15 (full 0):
 garbage-first heap   total reserved 3119104K, committed 83968K, used 34389K [0x0000000741a00000, 0x0000000800000000)
  region size 2048K, 3 young (6144K), 3 survivors (6144K)
}
Event: 332.264 {heap Before GC invocations=15 (full 0):
 garbage-first heap   total reserved 3119104K, committed 83968K, used 71253K [0x0000000741a00000, 0x0000000800000000)
  region size 2048K, 21 young (43008K), 3 survivors (6144K)
}
Event: 332.344 {heap After GC invocations=16 (full 0):
 garbage-first heap   total reserved 3119104K, committed 83968K, used 34393K [0x0000000741a00000, 0x0000000800000000)
  region size 2048K, 2 young (4096K), 2 survivors (4096K)
}
Event: 481.695 {heap Before GC invocations=16 (full 0):
 garbage-first heap   total reserved 3119104K, committed 83968K, used 73305K [0x0000000741a00000, 0x0000000800000000)
  region size 2048K, 22 young (45056K), 2 survivors (4096K)
}
Event: 481.774 {heap After GC invocations=17 (full 0):
 garbage-first heap   total reserved 3119104K, committed 83968K, used 34059K [0x0000000741a00000, 0x0000000800000000)
  region size 2048K, 2 young (4096K), 2 survivors (4096K)
}

