# JRE version: OpenJDK Runtime Environment Microsoft-13877124 (25.0.3+9) (build 25.0.3+9-LTS)
# Java VM: OpenJDK 64-Bit Server VM Microsoft-13877124 (25.0.3+9-LTS, mixed mode, emulated-client, sharing, tiered, compressed oops, compressed class ptrs, g1 gc, windows-amd64)
GC Precious Log:
 CardTable entry size: 512
 Card Set container configuration: InlinePtr #cards 4 size 8 Array Of Cards #cards 16 size 48 Howl #buckets 8 coarsen threshold 3686 Howl Bitmap #cards 512 size 80 coarsen threshold 460 Card regions per heap region 1 cards per card region 4096
 CPUs: 4 total, 4 available
 Memory: 12182M
 Large Page Support: Disabled
 NUMA Support: Disabled
 Compressed Oops: Enabled (Zero based)
 Heap Region Size: 2M
 Heap Min Capacity: 8M
 Heap Initial Capacity: 192M
 Heap Max Capacity: 3046M
 Pre-touch: Disabled
 Parallel Workers: 4
 Concurrent Workers: 1
 Concurrent Refinement Workers: 4
 Periodic GC: Disabled
 G1 Time-Based Heap Sizing enabled (uncommit-only)
 Evaluation Interval: 60s, Uncommit Delay: 300s, Min Regions To Uncommit: 10
Heap:
 garbage-first heap   total reserved 3119104K, committed 83968K, used 38989K [0x0000000741a00000, 0x0000000800000000)
  region size 2048K, 5 young (10240K), 2 survivors (4096K)
GC Heap Usage History (20 events):
Event: 4.486 {heap Before GC invocations=4 (full 0):
 garbage-first heap   total reserved 3119104K, committed 69632K, used 50942K [0x0000000741a00000, 0x0000000800000000)
  region size 2048K, 20 young (40960K), 4 survivors (8192K)
}
Event: 4.501 {heap After GC invocations=5 (full 0):
 garbage-first heap   total reserved 3119104K, committed 69632K, used 20769K [0x0000000741a00000, 0x0000000800000000)
  region size 2048K, 2 young (4096K), 2 survivors (4096K)
}
Event: 5.054 {heap Before GC invocations=5 (full 0):
 garbage-first heap   total reserved 3119104K, committed 69632K, used 49441K [0x0000000741a00000, 0x0000000800000000)
  region size 2048K, 16 young (32768K), 2 survivors (4096K)
}
Event: 5.067 {heap After GC invocations=6 (full 0):
 garbage-first heap   total reserved 3119104K, committed 69632K, used 22838K [0x0000000741a00000, 0x0000000800000000)
  region size 2048K, 2 young (4096K), 2 survivors (4096K)
}
Event: 5.355 {heap Before GC invocations=6 (full 0):
 garbage-first heap   total reserved 3119104K, committed 69632K, used 33078K [0x0000000741a00000, 0x0000000800000000)
  region size 2048K, 9 young (18432K), 2 survivors (4096K)
}
Event: 5.360 {heap After GC invocations=7 (full 0):
 garbage-first heap   total reserved 3119104K, committed 69632K, used 23911K [0x0000000741a00000, 0x0000000800000000)
  region size 2048K, 2 young (4096K), 2 survivors (4096K)
}
Event: 6.035 {heap Before GC invocations=8 (full 0):
 garbage-first heap   total reserved 3119104K, committed 69632K, used 50535K [0x0000000741a00000, 0x0000000800000000)
  region size 2048K, 16 young (32768K), 2 survivors (4096K)
}
Event: 6.042 {heap After GC invocations=9 (full 0):
 garbage-first heap   total reserved 3119104K, committed 69632K, used 26312K [0x0000000741a00000, 0x0000000800000000)
  region size 2048K, 2 young (4096K), 2 survivors (4096K)
}
Event: 6.683 {heap Before GC invocations=9 (full 0):
 garbage-first heap   total reserved 3119104K, committed 69632K, used 52936K [0x0000000741a00000, 0x0000000800000000)
  region size 2048K, 16 young (32768K), 2 survivors (4096K)
}
Event: 6.692 {heap After GC invocations=10 (full 0):
 garbage-first heap   total reserved 3119104K, committed 69632K, used 27792K [0x0000000741a00000, 0x0000000800000000)
  region size 2048K, 1 young (2048K), 1 survivors (2048K)
}
Event: 7.090 {heap Before GC invocations=10 (full 0):
 garbage-first heap   total reserved 3119104K, committed 69632K, used 56464K [0x0000000741a00000, 0x0000000800000000)
  region size 2048K, 15 young (30720K), 1 survivors (2048K)
}
Event: 7.096 {heap After GC invocations=11 (full 0):
 garbage-first heap   total reserved 3119104K, committed 83968K, used 29705K [0x0000000741a00000, 0x0000000800000000)
  region size 2048K, 2 young (4096K), 2 survivors (4096K)
}
Event: 18.371 {heap Before GC invocations=11 (full 0):
 garbage-first heap   total reserved 3119104K, committed 83968K, used 68617K [0x0000000741a00000, 0x0000000800000000)
  region size 2048K, 21 young (43008K), 2 survivors (4096K)
}
Event: 18.382 {heap After GC invocations=12 (full 0):
 garbage-first heap   total reserved 3119104K, committed 83968K, used 32475K [0x0000000741a00000, 0x0000000800000000)
  region size 2048K, 3 young (6144K), 3 survivors (6144K)
}
Event: 18.744 {heap Before GC invocations=12 (full 0):
 garbage-first heap   total reserved 3119104K, committed 83968K, used 32475K [0x0000000741a00000, 0x0000000800000000)
  region size 2048K, 4 young (8192K), 3 survivors (6144K)
}
Event: 18.754 {heap After GC invocations=13 (full 0):
 garbage-first heap   total reserved 3119104K, committed 83968K, used 32504K [0x0000000741a00000, 0x0000000800000000)
  region size 2048K, 2 young (4096K), 2 survivors (4096K)
}
Event: 358.881 {heap Before GC invocations=14 (full 0):
 garbage-first heap   total reserved 3119104K, committed 83968K, used 69368K [0x0000000741a00000, 0x0000000800000000)
  region size 2048K, 21 young (43008K), 2 survivors (4096K)
}
Event: 358.889 {heap After GC invocations=15 (full 0):
 garbage-first heap   total reserved 3119104K, committed 83968K, used 35547K [0x0000000741a00000, 0x0000000800000000)
  region size 2048K, 3 young (6144K), 3 survivors (6144K)
}
Event: 622.990 {heap Before GC invocations=15 (full 0):
 garbage-first heap   total reserved 3119104K, committed 83968K, used 72411K [0x0000000741a00000, 0x0000000800000000)
  region size 2048K, 21 young (43008K), 3 survivors (6144K)
}
Event: 623.115 {heap After GC invocations=16 (full 0):
 garbage-first heap   total reserved 3119104K, committed 83968K, used 34893K [0x0000000741a00000, 0x0000000800000000)
  region size 2048K, 2 young (4096K), 2 survivors (4096K)
}

