# JRE version: OpenJDK Runtime Environment Microsoft-13877124 (25.0.3+9) (build 25.0.3+9-LTS)
# Java VM: OpenJDK 64-Bit Server VM Microsoft-13877124 (25.0.3+9-LTS, mixed mode, emulated-client, sharing, tiered, compressed oops, compressed class ptrs, g1 gc, windows-amd64)
GC Precious Log:
 CardTable entry size: 512
 Card Set container configuration: InlinePtr #cards 4 size 8 Array Of Cards #cards 16 size 48 Howl #buckets 8 coarsen threshold 3686 Howl Bitmap #cards 512 size 80 coarsen threshold 460 Card regions per heap region 1 cards per card region 4096
 CPUs: 4 total, 4 available
 Memory: 12182M
 Large Page Support: Disabled
 NUMA Support: Disabled
 Compressed Oops: Enabled (Zero based)
 Heap Region Size: 2M
 Heap Min Capacity: 8M
 Heap Initial Capacity: 192M
 Heap Max Capacity: 3046M
 Pre-touch: Disabled
 Parallel Workers: 4
 Concurrent Workers: 1
 Concurrent Refinement Workers: 4
 Periodic GC: Disabled
 G1 Time-Based Heap Sizing enabled (uncommit-only)
 Evaluation Interval: 60s, Uncommit Delay: 300s, Min Regions To Uncommit: 10
Heap:
 garbage-first heap   total reserved 3119104K, committed 69632K, used 36649K [0x0000000741a00000, 0x0000000800000000)
  region size 2048K, 3 young (6144K), 1 survivors (2048K)
GC Heap Usage History (20 events):
Event: 9.040 {heap Before GC invocations=6 (full 0):
 garbage-first heap   total reserved 3119104K, committed 69632K, used 33297K [0x0000000741a00000, 0x0000000800000000)
  region size 2048K, 9 young (18432K), 2 survivors (4096K)
}
Event: 9.045 {heap After GC invocations=7 (full 0):
 garbage-first heap   total reserved 3119104K, committed 69632K, used 23900K [0x0000000741a00000, 0x0000000800000000)
  region size 2048K, 2 young (4096K), 2 survivors (4096K)
}
Event: 10.309 {heap Before GC invocations=8 (full 0):
 garbage-first heap   total reserved 3119104K, committed 69632K, used 52572K [0x0000000741a00000, 0x0000000800000000)
  region size 2048K, 16 young (32768K), 2 survivors (4096K)
}
Event: 10.316 {heap After GC invocations=9 (full 0):
 garbage-first heap   total reserved 3119104K, committed 69632K, used 26317K [0x0000000741a00000, 0x0000000800000000)
  region size 2048K, 2 young (4096K), 2 survivors (4096K)
}
Event: 11.418 {heap Before GC invocations=9 (full 0):
 garbage-first heap   total reserved 3119104K, committed 69632K, used 54989K [0x0000000741a00000, 0x0000000800000000)
  region size 2048K, 16 young (32768K), 2 survivors (4096K)
}
Event: 11.427 {heap After GC invocations=10 (full 0):
 garbage-first heap   total reserved 3119104K, committed 69632K, used 27852K [0x0000000741a00000, 0x0000000800000000)
  region size 2048K, 1 young (2048K), 1 survivors (2048K)
}
Event: 12.220 {heap Before GC invocations=10 (full 0):
 garbage-first heap   total reserved 3119104K, committed 69632K, used 56524K [0x0000000741a00000, 0x0000000800000000)
  region size 2048K, 15 young (30720K), 1 survivors (2048K)
}
Event: 12.226 {heap After GC invocations=11 (full 0):
 garbage-first heap   total reserved 3119104K, committed 69632K, used 29644K [0x0000000741a00000, 0x0000000800000000)
  region size 2048K, 2 young (4096K), 2 survivors (4096K)
}
Event: 13.042 {heap Before GC invocations=11 (full 0):
 garbage-first heap   total reserved 3119104K, committed 69632K, used 58316K [0x0000000741a00000, 0x0000000800000000)
  region size 2048K, 16 young (32768K), 2 survivors (4096K)
}
Event: 13.050 {heap After GC invocations=12 (full 0):
 garbage-first heap   total reserved 3119104K, committed 69632K, used 31591K [0x0000000741a00000, 0x0000000800000000)
  region size 2048K, 2 young (4096K), 2 survivors (4096K)
}
Event: 13.464 {heap Before GC invocations=12 (full 0):
 garbage-first heap   total reserved 3119104K, committed 69632K, used 37735K [0x0000000741a00000, 0x0000000800000000)
  region size 2048K, 7 young (14336K), 2 survivors (4096K)
}
Event: 13.474 {heap After GC invocations=13 (full 0):
 garbage-first heap   total reserved 3119104K, committed 69632K, used 32631K [0x0000000741a00000, 0x0000000800000000)
  region size 2048K, 1 young (2048K), 1 survivors (2048K)
}
Event: 59.902 {heap Before GC invocations=14 (full 0):
 garbage-first heap   total reserved 3119104K, committed 69632K, used 59255K [0x0000000741a00000, 0x0000000800000000)
  region size 2048K, 14 young (28672K), 1 survivors (2048K)
}
Event: 59.963 {heap After GC invocations=15 (full 0):
 garbage-first heap   total reserved 3119104K, committed 69632K, used 32656K [0x0000000741a00000, 0x0000000800000000)
  region size 2048K, 1 young (2048K), 1 survivors (2048K)
}
Event: 133.452 {heap Before GC invocations=15 (full 0):
 garbage-first heap   total reserved 3119104K, committed 69632K, used 61328K [0x0000000741a00000, 0x0000000800000000)
  region size 2048K, 15 young (30720K), 1 survivors (2048K)
}
Event: 133.491 {heap After GC invocations=16 (full 0):
 garbage-first heap   total reserved 3119104K, committed 69632K, used 34283K [0x0000000741a00000, 0x0000000800000000)
  region size 2048K, 2 young (4096K), 2 survivors (4096K)
}
Event: 197.851 {heap Before GC invocations=16 (full 0):
 garbage-first heap   total reserved 3119104K, committed 69632K, used 58859K [0x0000000741a00000, 0x0000000800000000)
  region size 2048K, 15 young (30720K), 2 survivors (4096K)
}
Event: 197.894 {heap After GC invocations=17 (full 0):
 garbage-first heap   total reserved 3119104K, committed 69632K, used 34822K [0x0000000741a00000, 0x0000000800000000)
  region size 2048K, 1 young (2048K), 1 survivors (2048K)
}
Event: 429.271 {heap Before GC invocations=18 (full 0):
 garbage-first heap   total reserved 3119104K, committed 69632K, used 59398K [0x0000000741a00000, 0x0000000800000000)
  region size 2048K, 14 young (28672K), 1 survivors (2048K)
}
Event: 429.276 {heap After GC invocations=19 (full 0):
 garbage-first heap   total reserved 3119104K, committed 69632K, used 34601K [0x0000000741a00000, 0x0000000800000000)
  region size 2048K, 1 young (2048K), 1 survivors (2048K)
}

